This is pdfTeX, Version 3.1415926-2.4-1.40.13 (TeX Live 2012/Debian) (format=pdflatex 2013.5.25)  17 SEP 2013 13:41
entering extended mode
 restricted \write18 enabled.
 %&-line parsing enabled.
**paper
(./paper.tex
LaTeX2e <2011/06/27>
Babel <v3.8m> and hyphenation patterns for english, dumylang, nohyphenation, lo
aded.
(./IEEEtran.cls
Document Class: IEEEtran 2007/03/05 V1.7a by Michael Shell
-- See the "IEEEtran_HOWTO" manual for usage information.
-- http://www.michaelshell.org/tex/ieeetran/
\@IEEEtrantmpdimenA=\dimen102
\@IEEEtrantmpdimenB=\dimen103
\@IEEEtrantmpcountA=\count79
\@IEEEtrantmpcountB=\count80
\@IEEEtrantmptoksA=\toks14
-- Using IEEE Computer Society mode.
LaTeX Font Info:    Try loading font information for OT1+ppl on input line 366.

(/usr/share/texlive/texmf-dist/tex/latex/psnfss/ot1ppl.fd
File: ot1ppl.fd 2001/06/04 font definitions for OT1/ppl.
)
-- Using 8.5in x 11in (letter) paper.
-- Using PDF output.
\@IEEEnormalsizeunitybaselineskip=\dimen104
-- This is a 10 point document.
\CLASSINFOnormalsizebaselineskip=\dimen105
\CLASSINFOnormalsizeunitybaselineskip=\dimen106
\IEEEnormaljot=\dimen107
LaTeX Font Info:    Font shape `OT1/ppl/bx/n' in size <5> not available
(Font)              Font shape `OT1/ppl/b/n' tried instead on input line 724.
LaTeX Font Info:    Font shape `OT1/ppl/bx/it' in size <5> not available
(Font)              Font shape `OT1/ppl/b/it' tried instead on input line 724.
LaTeX Font Info:    Font shape `OT1/ppl/bx/n' in size <7> not available
(Font)              Font shape `OT1/ppl/b/n' tried instead on input line 724.
LaTeX Font Info:    Font shape `OT1/ppl/bx/it' in size <7> not available
(Font)              Font shape `OT1/ppl/b/it' tried instead on input line 724.
LaTeX Font Info:    Font shape `OT1/ppl/bx/n' in size <8> not available
(Font)              Font shape `OT1/ppl/b/n' tried instead on input line 724.
LaTeX Font Info:    Font shape `OT1/ppl/bx/it' in size <8> not available
(Font)              Font shape `OT1/ppl/b/it' tried instead on input line 724.
LaTeX Font Info:    Font shape `OT1/ppl/bx/n' in size <9> not available
(Font)              Font shape `OT1/ppl/b/n' tried instead on input line 724.
LaTeX Font Info:    Font shape `OT1/ppl/bx/it' in size <9> not available
(Font)              Font shape `OT1/ppl/b/it' tried instead on input line 724.
LaTeX Font Info:    Font shape `OT1/ppl/bx/n' in size <10> not available
(Font)              Font shape `OT1/ppl/b/n' tried instead on input line 724.
LaTeX Font Info:    Font shape `OT1/ppl/bx/it' in size <10> not available
(Font)              Font shape `OT1/ppl/b/it' tried instead on input line 724.
LaTeX Font Info:    Font shape `OT1/ppl/bx/n' in size <11> not available
(Font)              Font shape `OT1/ppl/b/n' tried instead on input line 724.
LaTeX Font Info:    Font shape `OT1/ppl/bx/it' in size <11> not available
(Font)              Font shape `OT1/ppl/b/it' tried instead on input line 724.
LaTeX Font Info:    Font shape `OT1/ppl/bx/n' in size <12> not available
(Font)              Font shape `OT1/ppl/b/n' tried instead on input line 724.
LaTeX Font Info:    Font shape `OT1/ppl/bx/it' in size <12> not available
(Font)              Font shape `OT1/ppl/b/it' tried instead on input line 724.
LaTeX Font Info:    Font shape `OT1/ppl/bx/n' in size <17> not available
(Font)              Font shape `OT1/ppl/b/n' tried instead on input line 724.
LaTeX Font Info:    Font shape `OT1/ppl/bx/it' in size <17> not available
(Font)              Font shape `OT1/ppl/b/it' tried instead on input line 724.
LaTeX Font Info:    Font shape `OT1/ppl/bx/n' in size <20> not available
(Font)              Font shape `OT1/ppl/b/n' tried instead on input line 724.
LaTeX Font Info:    Font shape `OT1/ppl/bx/it' in size <20> not available
(Font)              Font shape `OT1/ppl/b/it' tried instead on input line 724.
LaTeX Font Info:    Font shape `OT1/ppl/bx/n' in size <24> not available
(Font)              Font shape `OT1/ppl/b/n' tried instead on input line 724.
LaTeX Font Info:    Font shape `OT1/ppl/bx/it' in size <24> not available
(Font)              Font shape `OT1/ppl/b/it' tried instead on input line 724.
\IEEEilabelindentA=\dimen108
\IEEEilabelindentB=\dimen109
\IEEEilabelindent=\dimen110
\IEEEelabelindent=\dimen111
\IEEEdlabelindent=\dimen112
\IEEElabelindent=\dimen113
\IEEEiednormlabelsep=\dimen114
\IEEEiedmathlabelsep=\dimen115
\IEEEiedtopsep=\skip41
\c@section=\count81
\c@subsection=\count82
\c@subsubsection=\count83
\c@paragraph=\count84
\c@IEEEsubequation=\count85
\abovecaptionskip=\skip42
\belowcaptionskip=\skip43
\c@figure=\count86
\c@table=\count87
\@IEEEeqnnumcols=\count88
\@IEEEeqncolcnt=\count89
\@IEEEtmpitemindent=\dimen116
\c@IEEEbiography=\count90
\@IEEEtranrubishbin=\box26
) (/usr/share/texlive/texmf-dist/tex/generic/ulem/ulem.sty
\UL@box=\box27
\UL@hyphenbox=\box28
\UL@skip=\skip44
\UL@hook=\toks15
\UL@height=\dimen117
\UL@pe=\count91
\UL@pixel=\dimen118
\ULC@box=\box29
Package: ulem 2012/05/18
\ULdepth=\dimen119
)
(/usr/share/texlive/texmf-dist/tex/latex/graphics/color.sty
Package: color 2005/11/14 v1.0j Standard LaTeX Color (DPC)

(/usr/share/texlive/texmf-dist/tex/latex/latexconfig/color.cfg
File: color.cfg 2007/01/18 v1.5 color configuration of teTeX/TeXLive
)
Package color Info: Driver file: pdftex.def on input line 130.

(/usr/share/texlive/texmf-dist/tex/latex/pdftex-def/pdftex.def
File: pdftex.def 2011/05/27 v0.06d Graphics/color for pdfTeX

(/usr/share/texlive/texmf-dist/tex/generic/oberdiek/infwarerr.sty
Package: infwarerr 2010/04/08 v1.3 Providing info/warning/error messages (HO)
)
(/usr/share/texlive/texmf-dist/tex/generic/oberdiek/ltxcmds.sty
Package: ltxcmds 2011/11/09 v1.22 LaTeX kernel commands for general use (HO)
)
\Gread@gobject=\count92
))
(/usr/share/texlive/texmf-dist/tex/latex/amsfonts/amssymb.sty
Package: amssymb 2009/06/22 v3.00

(/usr/share/texlive/texmf-dist/tex/latex/amsfonts/amsfonts.sty
Package: amsfonts 2009/06/22 v3.00 Basic AMSFonts support
\@emptytoks=\toks16
\symAMSa=\mathgroup4
\symAMSb=\mathgroup5
LaTeX Font Info:    Overwriting math alphabet `\mathfrak' in version `bold'
(Font)                  U/euf/m/n --> U/euf/b/n on input line 96.
))
(/usr/share/texlive/texmf-dist/tex/latex/mh/mathtools.sty
Package: mathtools 2012/04/24 v1.12 mathematical typesetting tools

(/usr/share/texlive/texmf-dist/tex/latex/graphics/keyval.sty
Package: keyval 1999/03/16 v1.13 key=value parser (DPC)
\KV@toks@=\toks17
)
(/usr/share/texlive/texmf-dist/tex/latex/tools/calc.sty
Package: calc 2007/08/22 v4.3 Infix arithmetic (KKT,FJ)
\calc@Acount=\count93
\calc@Bcount=\count94
\calc@Adimen=\dimen120
\calc@Bdimen=\dimen121
\calc@Askip=\skip45
\calc@Bskip=\skip46
LaTeX Info: Redefining \setlength on input line 76.
LaTeX Info: Redefining \addtolength on input line 77.
\calc@Ccount=\count95
\calc@Cskip=\skip47
)
(/usr/share/texlive/texmf-dist/tex/latex/mh/mhsetup.sty
Package: mhsetup 2010/01/21 v1.2a programming setup (MH)
)
(/usr/share/texlive/texmf-dist/tex/latex/amsmath/amsmath.sty
Package: amsmath 2000/07/18 v2.13 AMS math features
\@mathmargin=\skip48

For additional information on amsmath, use the `?' option.
(/usr/share/texlive/texmf-dist/tex/latex/amsmath/amstext.sty
Package: amstext 2000/06/29 v2.01

(/usr/share/texlive/texmf-dist/tex/latex/amsmath/amsgen.sty
File: amsgen.sty 1999/11/30 v2.0
\@emptytoks=\toks18
\ex@=\dimen122
))
(/usr/share/texlive/texmf-dist/tex/latex/amsmath/amsbsy.sty
Package: amsbsy 1999/11/29 v1.2d
\pmbraise@=\dimen123
)
(/usr/share/texlive/texmf-dist/tex/latex/amsmath/amsopn.sty
Package: amsopn 1999/12/14 v2.01 operator names
)
\inf@bad=\count96
LaTeX Info: Redefining \frac on input line 211.
\uproot@=\count97
\leftroot@=\count98
LaTeX Info: Redefining \overline on input line 307.
\classnum@=\count99
\DOTSCASE@=\count100
LaTeX Info: Redefining \ldots on input line 379.
LaTeX Info: Redefining \dots on input line 382.
LaTeX Info: Redefining \cdots on input line 467.
\Mathstrutbox@=\box30
\strutbox@=\box31
\big@size=\dimen124
LaTeX Font Info:    Redeclaring font encoding OML on input line 567.
LaTeX Font Info:    Redeclaring font encoding OMS on input line 568.
\macc@depth=\count101
\c@MaxMatrixCols=\count102
\dotsspace@=\muskip10
\c@parentequation=\count103
\dspbrk@lvl=\count104
\tag@help=\toks19
\row@=\count105
\column@=\count106
\maxfields@=\count107
\andhelp@=\toks20
\eqnshift@=\dimen125
\alignsep@=\dimen126
\tagshift@=\dimen127
\tagwidth@=\dimen128
\totwidth@=\dimen129
\lineht@=\dimen130
\@envbody=\toks21
\multlinegap=\skip49
\multlinetaggap=\skip50
\mathdisplay@stack=\toks22
LaTeX Info: Redefining \[ on input line 2666.
LaTeX Info: Redefining \] on input line 2667.
)
\g_MT_multlinerow_int=\count108
\l_MT_multwidth_dim=\dimen131
\origjot=\skip51
\l_MT_shortvdotswithinadjustabove_dim=\dimen132
\l_MT_shortvdotswithinadjustbelow_dim=\dimen133
\l_MT_above_intertext_dim=\dimen134
\l_MT_below_intertext_dim=\dimen135
\l_MT_above_shortintertext_dim=\dimen136
\l_MT_below_shortintertext_dim=\dimen137
) (./macros.tex
\myVSpace=\skip52
)
(./defs.tex)

LaTeX Warning: Unused global option(s):
    [cspaper].

(./paper.aux)
\openout1 = `paper.aux'.

LaTeX Font Info:    Checking defaults for OML/cmm/m/it on input line 353.
LaTeX Font Info:    ... okay on input line 353.
LaTeX Font Info:    Checking defaults for T1/cmr/m/n on input line 353.
LaTeX Font Info:    ... okay on input line 353.
LaTeX Font Info:    Checking defaults for OT1/cmr/m/n on input line 353.
LaTeX Font Info:    ... okay on input line 353.
LaTeX Font Info:    Checking defaults for OMS/cmsy/m/n on input line 353.
LaTeX Font Info:    ... okay on input line 353.
LaTeX Font Info:    Checking defaults for OMX/cmex/m/n on input line 353.
LaTeX Font Info:    ... okay on input line 353.
LaTeX Font Info:    Checking defaults for U/cmr/m/n on input line 353.
LaTeX Font Info:    ... okay on input line 353.
 (/usr/share/texlive/texmf-dist/tex/context/base/supp-pdf.mkii
[Loading MPS to PDF converter (version 2006.09.02).]
\scratchcounter=\count109
\scratchdimen=\dimen138
\scratchbox=\box32
\nofMPsegments=\count110
\nofMParguments=\count111
\everyMPshowfont=\toks23
\MPscratchCnt=\count112
\MPscratchDim=\dimen139
\MPnumerator=\count113
\makeMPintoPDFobject=\count114
\everyMPtoPDFconversion=\toks24
) (/usr/share/texlive/texmf-dist/tex/latex/graphics/graphicx.sty
Package: graphicx 1999/02/16 v1.0f Enhanced LaTeX Graphics (DPC,SPQR)

(/usr/share/texlive/texmf-dist/tex/latex/graphics/graphics.sty
Package: graphics 2009/02/05 v1.0o Standard LaTeX Graphics (DPC,SPQR)

(/usr/share/texlive/texmf-dist/tex/latex/graphics/trig.sty
Package: trig 1999/03/16 v1.09 sin cos tan (DPC)
)
(/usr/share/texlive/texmf-dist/tex/latex/latexconfig/graphics.cfg
File: graphics.cfg 2010/04/23 v1.9 graphics configuration of TeX Live
)
Package graphics Info: Driver file: pdftex.def on input line 91.
)
(/usr/share/texlive/texmf-dist/tex/generic/oberdiek/pdftexcmds.sty
Package: pdftexcmds 2011/11/29 v0.20 Utility functions of pdfTeX for LuaTeX (HO
)

(/usr/share/texlive/texmf-dist/tex/generic/oberdiek/ifluatex.sty
Package: ifluatex 2010/03/01 v1.3 Provides the ifluatex switch (HO)
Package ifluatex Info: LuaTeX not detected.
)
(/usr/share/texlive/texmf-dist/tex/generic/oberdiek/ifpdf.sty
Package: ifpdf 2011/01/30 v2.3 Provides the ifpdf switch (HO)
Package ifpdf Info: pdfTeX in PDF mode is detected.
)
Package pdftexcmds Info: LuaTeX not detected.
Package pdftexcmds Info: \pdf@primitive is available.
Package pdftexcmds Info: \pdf@ifprimitive is available.
Package pdftexcmds Info: \pdfdraftmode found.
)
(/usr/share/texlive/texmf-dist/tex/latex/oberdiek/epstopdf-base.sty
Package: epstopdf-base 2010/02/09 v2.5 Base part for package epstopdf

(/usr/share/texlive/texmf-dist/tex/latex/oberdiek/grfext.sty
Package: grfext 2010/08/19 v1.1 Manage graphics extensions (HO)

(/usr/share/texlive/texmf-dist/tex/generic/oberdiek/kvdefinekeys.sty
Package: kvdefinekeys 2011/04/07 v1.3 Define keys (HO)
))
(/usr/share/texlive/texmf-dist/tex/latex/oberdiek/kvoptions.sty
Package: kvoptions 2011/06/30 v3.11 Key value format for package options (HO)

(/usr/share/texlive/texmf-dist/tex/generic/oberdiek/kvsetkeys.sty
Package: kvsetkeys 2012/04/25 v1.16 Key value parser (HO)

(/usr/share/texlive/texmf-dist/tex/generic/oberdiek/etexcmds.sty
Package: etexcmds 2011/02/16 v1.5 Avoid name clashes with e-TeX commands (HO)
Package etexcmds Info: Could not find \expanded.
(etexcmds)             That can mean that you are not using pdfTeX 1.50 or
(etexcmds)             that some package has redefined \expanded.
(etexcmds)             In the latter case, load this package earlier.
)))
Package grfext Info: Graphics extension search list:
(grfext)             [.png,.pdf,.jpg,.mps,.jpeg,.jbig2,.jb2,.PNG,.PDF,.JPG,.JPE
G,.JBIG2,.JB2,.eps]
(grfext)             \AppendGraphicsExtensions on input line 452.

(/usr/share/texlive/texmf-dist/tex/latex/latexconfig/epstopdf-sys.cfg
File: epstopdf-sys.cfg 2010/07/13 v1.3 Configuration of (r)epstopdf for TeX Liv
e
))
\Gin@req@height=\dimen140
\Gin@req@width=\dimen141
)
LaTeX Font Info:    Try loading font information for OT1+phv on input line 483.


(/usr/share/texlive/texmf-dist/tex/latex/psnfss/ot1phv.fd
File: ot1phv.fd 2001/06/04 scalable font definitions for OT1/phv.
)
LaTeX Font Info:    Font shape `OT1/phv/m/it' in size <11> not available
(Font)              Font shape `OT1/phv/m/sl' tried instead on input line 483.
LaTeX Font Info:    Font shape `OT1/phv/bx/n' in size <8> not available
(Font)              Font shape `OT1/phv/b/n' tried instead on input line 483.

** ATTENTION: \keywords is deprecated (line 483). Use \IEEEkeywords instead.
LaTeX Font Info:    Try loading font information for U+msa on input line 483.
(/usr/share/texlive/texmf-dist/tex/latex/amsfonts/umsa.fd
File: umsa.fd 2009/06/22 v3.00 AMS symbols A
)
LaTeX Font Info:    Try loading font information for U+msb on input line 483.

(/usr/share/texlive/texmf-dist/tex/latex/amsfonts/umsb.fd
File: umsb.fd 2009/06/22 v3.00 AMS symbols B
)
LaTeX Font Info:    Calculating math sizes for size <11> on input line 483.
LaTeX Font Info:    Try loading font information for U+pzd on input line 483.

(/usr/share/texlive/texmf-dist/tex/latex/psnfss/upzd.fd
File: upzd.fd 2001/06/04 font definitions for U/pzd.
)
** ATTENTION: \keywords is deprecated (line 483). Use \IEEEkeywords instead.
(./introduction.tex
LaTeX Font Info:    Font shape `OT1/phv/bx/n' in size <12> not available
(Font)              Font shape `OT1/phv/b/n' tried instead on input line 1.
LaTeX Font Info:    Font shape `OT1/phv/bx/sc' in size <12> not available
(Font)              Font shape `OT1/phv/b/sc' tried instead on input line 1.
 [1{/var/lib/texmf/fonts/map/pdftex/updmap/pdftex.map}


])
(./related.tex
LaTeX Font Info:    Font shape `OT1/phv/bx/n' in size <10> not available
(Font)              Font shape `OT1/phv/b/n' tried instead on input line 15.

Underfull \hbox (badness 6725) in paragraph at lines 16--23
\OT1/ppl/m/n/10 ti-core pro-ces-sors [[]], [[]], [[]] in-ves-ti-gated the
 []

[2]) (./modeling.tex
<lib/figures/Workflow.png, id=17, 841.64438pt x 309.40594pt>
File: lib/figures/Workflow.png Graphic file (type png)

<use lib/figures/Workflow.png>
Package pdftex.def Info: lib/figures/Workflow.png used on input line 4.
(pdftex.def)             Requested size: 433.62pt x 159.40956pt.
LaTeX Font Info:    Font shape `OT1/phv/m/it' in size <10> not available
(Font)              Font shape `OT1/phv/m/sl' tried instead on input line 4.
LaTeX Font Info:    Font shape `OT1/phv/bx/it' in size <10> not available
(Font)              Font shape `OT1/phv/b/it' tried instead on input line 4.
LaTeX Font Info:    Font shape `OT1/phv/b/it' in size <10> not available
(Font)              Font shape `OT1/phv/b/sl' tried instead on input line 4.
 [3] [4 <./lib/figures/Workflow.png>]
Underfull \hbox (badness 10000) in paragraph at lines 252--252
[]\OT1/ppl/m/n/8 Issue Width & Ex-e-cu-tion
 []


Underfull \hbox (badness 10000) in paragraph at lines 252--253
[]\OT1/ppl/m/n/8 1-IO, 2-IO, 4-IO, 4-OoO,
 []

[5]) (./evaluation.tex [6]
Underfull \hbox (badness 10000) in paragraph at lines 25--26
[]\OT1/ppl/m/n/8 basicmath, blacksc-holes,
 []


Underfull \hbox (badness 1400) in paragraph at lines 27--28
[]\OT1/ppl/m/n/8 adpcm, ba-sic-math, blow-fish,
 []


Underfull \hbox (badness 10000) in paragraph at lines 29--30
[]\OT1/ppl/m/it/8 gcc\OT1/ppl/m/n/8 , \OT1/ppl/m/it/8 libquan-tum\OT1/ppl/m/n/8
 , mcf, \OT1/ppl/m/it/8 milc\OT1/ppl/m/n/8 ,
 []

<lib/figures/general-train-perfwatt.pdf, id=39, 361.35pt x 252.945pt>
File: lib/figures/general-train-perfwatt.pdf Graphic file (type pdf)

<use lib/figures/general-train-perfwatt.pdf>
Package pdftex.def Info: lib/figures/general-train-perfwatt.pdf used on input l
ine 110.
(pdftex.def)             Requested size: 234.87749pt x 164.41615pt.

<lib/figures/general-untrain-perfwatt.pdf, id=40, 361.35pt x 252.945pt>
File: lib/figures/general-untrain-perfwatt.pdf Graphic file (type pdf)

<use lib/figures/general-untrain-perfwatt.pdf>
Package pdftex.def Info: lib/figures/general-untrain-perfwatt.pdf used on input
 line 110.
(pdftex.def)             Requested size: 234.87749pt x 164.41615pt.

<lib/figures/mibench-train-perfwatt.pdf, id=41, 361.35pt x 252.945pt>
File: lib/figures/mibench-train-perfwatt.pdf Graphic file (type pdf)

<use lib/figures/mibench-train-perfwatt.pdf>
Package pdftex.def Info: lib/figures/mibench-train-perfwatt.pdf used on input l
ine 190.
(pdftex.def)             Requested size: 234.87749pt x 164.41615pt.

<lib/figures/mibench-untrain-perfwatt.pdf, id=42, 361.35pt x 252.945pt>
File: lib/figures/mibench-untrain-perfwatt.pdf Graphic file (type pdf)

<use lib/figures/mibench-untrain-perfwatt.pdf>
Package pdftex.def Info: lib/figures/mibench-untrain-perfwatt.pdf used on input
 line 190.
(pdftex.def)             Requested size: 234.87749pt x 164.41615pt.
 [7] [8 <./lib/figures/general-train-perfwatt.pdf> <./lib/figures/general-untra
in-perfwatt.pdf> <./lib/figures/mibench-train-perfwatt.pdf> <./lib/figures/mibe
nch-untrain-perfwatt.pdf>]
<lib/figures/spec-train-perfwatt.pdf, id=62, 361.35pt x 252.945pt>
File: lib/figures/spec-train-perfwatt.pdf Graphic file (type pdf)

<use lib/figures/spec-train-perfwatt.pdf>
Package pdftex.def Info: lib/figures/spec-train-perfwatt.pdf used on input line
 248.
(pdftex.def)             Requested size: 234.87749pt x 164.41615pt.

<lib/figures/spec-untrain-perfwatt.pdf, id=63, 361.35pt x 252.945pt>
File: lib/figures/spec-untrain-perfwatt.pdf Graphic file (type pdf)

<use lib/figures/spec-untrain-perfwatt.pdf>
Package pdftex.def Info: lib/figures/spec-untrain-perfwatt.pdf used on input li
ne 248.
(pdftex.def)             Requested size: 234.87749pt x 164.41615pt.

Underfull \vbox (badness 1205) has occurred while \output is active []


<lib/figures/raven-perf.pdf, id=64, 361.35pt x 252.945pt>
File: lib/figures/raven-perf.pdf Graphic file (type pdf)

<use lib/figures/raven-perf.pdf>
Package pdftex.def Info: lib/figures/raven-perf.pdf used on input line 321.
(pdftex.def)             Requested size: 234.87749pt x 164.41615pt.

<lib/figures/raven-workload.pdf, id=65, 361.35pt x 252.945pt>
File: lib/figures/raven-workload.pdf Graphic file (type pdf)

<use lib/figures/raven-workload.pdf>
Package pdftex.def Info: lib/figures/raven-workload.pdf used on input line 321.

(pdftex.def)             Requested size: 234.87749pt x 164.41615pt.
 [9] [10 <./lib/figures/spec-train-perfwatt.pdf> <./lib/figures/spec-untrain-pe
rfwatt.pdf> <./lib/figures/raven-perf.pdf> <./lib/figures/raven-workload.pdf>])
 (./conclusion.tex) (./paper.bbl [11])
Underfull \hbox (badness 10000) in paragraph at lines 671--673
\OT1/phv/b/n/8 John Doe \OT1/phv/m/n/8 Bi-og-ra-phy text here.Biography text he
re.Biography
 []


Underfull \hbox (badness 10000) in paragraph at lines 671--673
\OT1/phv/m/n/8 text here.Biography text here.Biography text here.Biography
 []


Underfull \hbox (badness 10000) in paragraph at lines 671--673
\OT1/phv/m/n/8 text here.Biography text here.Biography text here.Biography
 []


Underfull \hbox (badness 10000) in paragraph at lines 671--673
\OT1/phv/m/n/8 text here.Biography text here.Biography text here.Biography
 []


Underfull \hbox (badness 10000) in paragraph at lines 671--673
\OT1/phv/m/n/8 text here.Biography text here.Biography text here.Biography
 []


Underfull \hbox (badness 10000) in paragraph at lines 671--673
\OT1/phv/m/n/8 text here.Biography text here.Biography text here.Biography
 []


Underfull \hbox (badness 10000) in paragraph at lines 671--673
\OT1/phv/m/n/8 text here.Biography text here.Biography text here.Biography
 []


Underfull \hbox (badness 10000) in paragraph at lines 671--673
\OT1/phv/m/n/8 text here.Biography text here.Biography text here.Biography
 []


Underfull \hbox (badness 10000) in paragraph at lines 671--673
\OT1/phv/m/n/8 text here.Biography text here.Biography text here.Biography
 []


Underfull \hbox (badness 3815) in paragraph at lines 671--673
\OT1/phv/m/n/8 text here.Biography text here.Biography text here.Biography text

 []


Underfull \hbox (badness 10000) in paragraph at lines 679--681
\OT1/phv/b/n/8 Jane Doe \OT1/phv/m/n/8 Bi-og-ra-phy text here.Biography text he
re.Biography
 []


Underfull \hbox (badness 10000) in paragraph at lines 679--681
\OT1/phv/m/n/8 text here.Biography text here.Biography text here.Biography
 []


Underfull \hbox (badness 10000) in paragraph at lines 679--681
\OT1/phv/m/n/8 text here.Biography text here.Biography text here.Biography
 []


Underfull \hbox (badness 10000) in paragraph at lines 679--681
\OT1/phv/m/n/8 text here.Biography text here.Biography text here.Biography
 []


Underfull \hbox (badness 10000) in paragraph at lines 679--681
\OT1/phv/m/n/8 text here.Biography text here.Biography text here.Biography
 []


Underfull \hbox (badness 10000) in paragraph at lines 679--681
\OT1/phv/m/n/8 text here.Biography text here.Biography text here.Biography
 []


Underfull \hbox (badness 10000) in paragraph at lines 679--681
\OT1/phv/m/n/8 text here.Biography text here.Biography text here.Biography
 []


Underfull \hbox (badness 10000) in paragraph at lines 679--681
\OT1/phv/m/n/8 text here.Biography text here.Biography text here.Biography
 []


Underfull \hbox (badness 3815) in paragraph at lines 679--681
\OT1/phv/m/n/8 text here.Biography text here.Biography text here.Biography text

 []

[12] (./paper.aux) ) 
Here is how much of TeX's memory you used:
 4004 strings out of 495059
 59620 string characters out of 3182030
 136943 words of memory out of 3000000
 7066 multiletter control sequences out of 15000+200000
 58406 words of font info for 131 fonts, out of 3000000 for 9000
 17 hyphenation exceptions out of 8191
 51i,10n,31p,890b,376s stack positions out of 5000i,500n,10000p,200000b,50000s
{/usr/share/texlive/texmf-dist/fonts/enc/dvips/base/8r.enc}
</usr/share/texlive/texmf-dist/fonts/type1/public/amsfonts/cm/cmmi10.pfb></usr/
share/texlive/texmf-dist/fonts/type1/public/amsfonts/cm/cmmi7.pfb></usr/share/t
exlive/texmf-dist/fonts/type1/public/amsfonts/cm/cmr10.pfb></usr/share/texlive/
texmf-dist/fonts/type1/public/amsfonts/cm/cmr7.pfb></usr/share/texlive/texmf-di
st/fonts/type1/public/amsfonts/cm/cmsy10.pfb></usr/share/texlive/texmf-dist/fon
ts/type1/public/amsfonts/cm/cmsy7.pfb></usr/share/texlive/texmf-dist/fonts/type
1/public/amsfonts/cm/cmsy8.pfb></usr/share/texlive/texmf-dist/fonts/type1/urw/h
elvetic/uhvb8a.pfb></usr/share/texlive/texmf-dist/fonts/type1/urw/helvetic/uhvb
o8a.pfb></usr/share/texlive/texmf-dist/fonts/type1/urw/helvetic/uhvr8a.pfb></us
r/share/texlive/texmf-dist/fonts/type1/urw/helvetic/uhvro8a.pfb></usr/share/tex
live/texmf-dist/fonts/type1/urw/palatino/uplb8a.pfb></usr/share/texlive/texmf-d
ist/fonts/type1/urw/palatino/uplr8a.pfb></usr/share/texlive/texmf-dist/fonts/ty
pe1/urw/palatino/uplri8a.pfb></usr/share/texlive/texmf-dist/fonts/type1/urw/zap
fding/uzdr.pfb>
Output written on paper.pdf (12 pages, 259164 bytes).
PDF statistics:
 139 PDF objects out of 1000 (max. 8388607)
 99 compressed objects within 1 object stream
 0 named destinations out of 1000 (max. 500000)
 46 words of extra memory for PDF output out of 10000 (max. 10000000)

